#-----------------------------------------------------------
# Webtalk v2019.1 (64-bit)
# SW Build 2552052 on Fri May 24 14:49:42 MDT 2019
# 
# Start of session at: Thu Nov 26 22:45:57 2020
# Process ID: 11744
# Current directory: F:/work/zynq_work2020/ov5640_dualcamera/vdma_hdmi_out.sdk/webtalk
# Command line: wbtcv.exe -mode batch -source sdk_webtalk.tcl
# Log file: F:/work/zynq_work2020/ov5640_dualcamera/vdma_hdmi_out.sdk/webtalk/webtalk.log
# Journal file: F:/work/zynq_work2020/ov5640_dualcamera/vdma_hdmi_out.sdk/webtalk\webtalk.jou
#-----------------------------------------------------------
source sdk_webtalk.tcl
# webtalk_init -webtalk_dir F:\\work\\zynq_work2020\\ov5640_dualcamera\\vdma_hdmi_out.sdk\\webtalk
# webtalk_register_client -client project
# webtalk_add_data -client project -key date_generated -value "2020-11-26 22:45:52" -context "software_version_and_target_device"
# webtalk_add_data -client project -key product_version -value "SDK v2019.1" -context "software_version_and_target_device"
# webtalk_add_data -client project -key build_version -value "2019.1" -context "software_version_and_target_device"
# webtalk_add_data -client project -key os_platform -value "amd64" -context "software_version_and_target_device"
# webtalk_add_data -client project -key registration_id -value "" -context "software_version_and_target_device"
# webtalk_add_data -client project -key tool_flow -value "SDK" -context "software_version_and_target_device"
# webtalk_add_data -client project -key beta -value "false" -context "software_version_and_target_device"
# webtalk_add_data -client project -key route_design -value "NA" -context "software_version_and_target_device"
# webtalk_add_data -client project -key target_family -value "NA" -context "software_version_and_target_device"
# webtalk_add_data -client project -key target_device -value "NA" -context "software_version_and_target_device"
# webtalk_add_data -client project -key target_package -value "NA" -context "software_version_and_target_device"
# webtalk_add_data -client project -key target_speed -value "NA" -context "software_version_and_target_device"
# webtalk_add_data -client project -key random_id -value "r3paur46cketlq8bknh34479b5" -context "software_version_and_target_device"
# webtalk_add_data -client project -key project_id -value "2019.1_9" -context "software_version_and_target_device"
# webtalk_add_data -client project -key project_iteration -value "9" -context "software_version_and_target_device"
# webtalk_add_data -client project -key os_name -value "Microsoft Windows 8 or later , 64-bit" -context "user_environment"
# webtalk_add_data -client project -key os_release -value "major release  (build 9200)" -context "user_environment"
# webtalk_add_data -client project -key cpu_name -value "Intel(R) Core(TM) i5-7300HQ CPU @ 2.50GHz" -context "user_environment"
# webtalk_add_data -client project -key cpu_speed -value "2496 MHz" -context "user_environment"
# webtalk_add_data -client project -key total_processors -value "1" -context "user_environment"
# webtalk_add_data -client project -key system_ram -value "17.040 GB" -context "user_environment"
# webtalk_register_client -client sdk
# webtalk_add_data -client sdk -key uid -value "1606317272917" -context "sdk\\\\hardware/1606317272917"
# webtalk_add_data -client sdk -key isZynq -value "true" -context "sdk\\\\hardware/1606317272917"
# webtalk_add_data -client sdk -key isZynqMP -value "false" -context "sdk\\\\hardware/1606317272917"
# webtalk_add_data -client sdk -key Processors -value "2" -context "sdk\\\\hardware/1606317272917"
# webtalk_add_data -client sdk -key VivadoVersion -value "2019.1" -context "sdk\\\\hardware/1606317272917"
# webtalk_add_data -client sdk -key Arch -value "zynq" -context "sdk\\\\hardware/1606317272917"
# webtalk_add_data -client sdk -key Device -value "7z020" -context "sdk\\\\hardware/1606317272917"
# webtalk_add_data -client sdk -key IsHandoff -value "true" -context "sdk\\\\hardware/1606317272917"
# webtalk_add_data -client sdk -key os -value "NA" -context "sdk\\\\hardware/1606317272917"
# webtalk_add_data -client sdk -key apptemplate -value "NA" -context "sdk\\\\hardware/1606317272917"
# webtalk_add_data -client sdk -key RecordType -value "HWCreation" -context "sdk\\\\hardware/1606317272917"
# webtalk_add_data -client sdk -key uid -value "1606317557254" -context "sdk\\\\bsp/1606317557254"
# webtalk_add_data -client sdk -key hwid -value "1606317272917" -context "sdk\\\\bsp/1606317557254"
# webtalk_add_data -client sdk -key os -value "standalone" -context "sdk\\\\bsp/1606317557254"
# webtalk_add_data -client sdk -key apptemplate -value "empty_application" -context "sdk\\\\bsp/1606317557254"
# webtalk_add_data -client sdk -key RecordType -value "BSPCreation" -context "sdk\\\\bsp/1606317557254"
# webtalk_add_data -client sdk -key uid -value "1606317560415" -context "sdk\\\\application/1606317560415"
# webtalk_add_data -client sdk -key hwid -value "1606317272917" -context "sdk\\\\application/1606317560415"
# webtalk_add_data -client sdk -key bspid -value "1606317557254" -context "sdk\\\\application/1606317560415"
# webtalk_add_data -client sdk -key newbsp -value "true" -context "sdk\\\\application/1606317560415"
# webtalk_add_data -client sdk -key os -value "standalone" -context "sdk\\\\application/1606317560415"
# webtalk_add_data -client sdk -key apptemplate -value "empty_application" -context "sdk\\\\application/1606317560415"
# webtalk_add_data -client sdk -key RecordType -value "APPCreation" -context "sdk\\\\application/1606317560415"
# webtalk_add_data -client sdk -key LangUsed -value "C" -context "sdk\\\\application/1606317560415"
# webtalk_add_data -client sdk -key Procused -value "ps7_cortexa9" -context "sdk\\\\application/1606317560415"
# webtalk_add_data -client sdk -key projSize -value "2028.15625" -context "sdk\\\\application/1606317560415"
# webtalk_add_data -client sdk -key uid -value "NA" -context "sdk\\\\bsp/1606401952385"
# webtalk_add_data -client sdk -key RecordType -value "ToolUsage" -context "sdk\\\\bsp/1606401952385"
# webtalk_add_data -client sdk -key BootgenCount -value "0" -context "sdk\\\\bsp/1606401952385"
# webtalk_add_data -client sdk -key DebugCount -value "39" -context "sdk\\\\bsp/1606401952385"
# webtalk_add_data -client sdk -key PerfCount -value "0" -context "sdk\\\\bsp/1606401952385"
# webtalk_add_data -client sdk -key FlashCount -value "0" -context "sdk\\\\bsp/1606401952385"
# webtalk_add_data -client sdk -key CrossTriggCount -value "0" -context "sdk\\\\bsp/1606401952385"
# webtalk_add_data -client sdk -key QemuDebugCount -value "0" -context "sdk\\\\bsp/1606401952385"
# webtalk_transmit -clientid 1021667368 -regid "" -xml F:\\work\\zynq_work2020\\ov5640_dualcamera\\vdma_hdmi_out.sdk\\webtalk\\usage_statistics_ext_sdk.xml -html F:\\work\\zynq_work2020\\ov5640_dualcamera\\vdma_hdmi_out.sdk\\webtalk\\usage_statistics_ext_sdk.html -wdm F:\\work\\zynq_work2020\\ov5640_dualcamera\\vdma_hdmi_out.sdk\\webtalk\\sdk_webtalk.wdm -intro "<H3>SDK Usage Report</H3><BR>"
INFO: [Common 17-186] 'F:\work\zynq_work2020\ov5640_dualcamera\vdma_hdmi_out.sdk\webtalk\usage_statistics_ext_sdk.xml' has been successfully sent to Xilinx on Thu Nov 26 22:46:16 2020. For additional details about this file, please refer to the WebTalk help file at C:/software/program_software/Vivado/SDK/2019.1/doc/webtalk_introduction.html.
webtalk_transmit: Time (s): cpu = 00:00:00 ; elapsed = 00:00:05 . Memory (MB): peak = 91.727 ; gain = 0.000
# webtalk_terminate
INFO: [Common 17-206] Exiting Webtalk at Thu Nov 26 22:46:16 2020...
