#-----------------------------------------------------------
# Vivado v2019.1 (64-bit)
# SW Build 2552052 on Fri May 24 14:49:42 MDT 2019
# IP Build 2548770 on Fri May 24 18:01:18 MDT 2019
# Start of session at: Fri Nov 27 08:56:09 2020
# Process ID: 2504
# Current directory: F:/work/zynq_work2020/ov5640_dualcamera
# Command line: vivado.exe -gui_launcher_event rodinguilauncherevent24188 F:\work\zynq_work2020\ov5640_dualcamera\vdma_hdmi_out.xpr
# Log file: F:/work/zynq_work2020/ov5640_dualcamera/vivado.log
# Journal file: F:/work/zynq_work2020/ov5640_dualcamera\vivado.jou
#-----------------------------------------------------------
start_gui
open_project F:/work/zynq_work2020/ov5640_dualcamera/vdma_hdmi_out.xpr
Scanning sources...
Finished scanning sources
WARNING: [filemgmt 56-3] IP Repository Path: Could not find the directory 'F:/work/zynq_work2020/hdmi_output_test/repo'.
INFO: [IP_Flow 19-234] Refreshing IP repositories
WARNING: [IP_Flow 19-2248] Failed to load user IP repository 'f:/work/zynq_work2020/hdmi_output_test/repo'; Can't find the specified path.
If this directory should no longer be in your list of user repositories, go to the IP Settings dialog and remove it.
INFO: [IP_Flow 19-1700] Loaded user IP repository 'f:/work/zynq_work2020/ov5640_dualcamera/repo'.
INFO: [IP_Flow 19-2313] Loaded Vivado IP repository 'C:/software/program_software/Vivado/Vivado/2019.1/data/ip'.
open_project: Time (s): cpu = 00:00:30 ; elapsed = 00:00:34 . Memory (MB): peak = 877.672 ; gain = 259.285
ERROR: [Common 17-180] Spawn failed: No error
ERROR: [Common 17-180] Spawn failed: No error
update_compile_order -fileset sources_1
exit
INFO: [Common 17-206] Exiting Vivado at Fri Nov 27 08:57:28 2020...
