#-----------------------------------------------------------
# Vivado v2019.1 (64-bit)
# SW Build 2552052 on Fri May 24 14:49:42 MDT 2019
# IP Build 2548770 on Fri May 24 18:01:18 MDT 2019
# Start of session at: Sat Nov 21 17:42:19 2020
# Process ID: 8852
# Current directory: F:/work/zynq_work2020/OV5640/OV5640
# Command line: vivado.exe -gui_launcher_event rodinguilauncherevent11988 F:\work\zynq_work2020\OV5640\OV5640\vdma_hdmi_out.xpr
# Log file: F:/work/zynq_work2020/OV5640/OV5640/vivado.log
# Journal file: F:/work/zynq_work2020/OV5640/OV5640\vivado.jou
#-----------------------------------------------------------
start_gui
open_project F:/work/zynq_work2020/OV5640/OV5640/vdma_hdmi_out.xpr
Scanning sources...
Finished scanning sources
WARNING: [filemgmt 56-3] IP Repository Path: Could not find the directory 'F:/work/zynq_work2020/OV5640/hdmi_output_test/repo'.
INFO: [IP_Flow 19-234] Refreshing IP repositories
WARNING: [IP_Flow 19-2248] Failed to load user IP repository 'f:/work/zynq_work2020/OV5640/hdmi_output_test/repo'; Can't find the specified path.
If this directory should no longer be in your list of user repositories, go to the IP Settings dialog and remove it.
INFO: [IP_Flow 19-1700] Loaded user IP repository 'f:/work/zynq_work2020/OV5640/OV5640/repo'.
INFO: [IP_Flow 19-2313] Loaded Vivado IP repository 'C:/software/program_software/Vivado/Vivado/2019.1/data/ip'.
open_project: Time (s): cpu = 00:00:24 ; elapsed = 00:00:20 . Memory (MB): peak = 826.254 ; gain = 201.551
update_compile_order -fileset sources_1
open_bd_design {F:/work/zynq_work2020/OV5640/OV5640/vdma_hdmi_out.srcs/sources_1/bd/design_1/design_1.bd}
Adding component instance block -- xilinx.com:ip:processing_system7:5.5 - processing_system7_0
Adding component instance block -- digilentinc.com:ip:axi_dynclk:1.0 - axi_dynclk_0
Adding component instance block -- xilinx.com:user:ax_pwm:1.0 - ax_pwm_0
Adding component instance block -- xilinx.com:ip:util_vector_logic:2.0 - util_vector_logic_0
Adding component instance block -- www.alinx.com.cn:user:alinx_ov5640:5.4 - alinx_ov5640_0
Adding component instance block -- xilinx.com:ip:axi_gpio:2.0 - cmos_rstn
Adding component instance block -- xilinx.com:ip:axi_interconnect:2.1 - axi_interconnect_HP150M
Adding component instance block -- xilinx.com:ip:axi_crossbar:2.1 - xbar
Adding component instance block -- xilinx.com:ip:axi_protocol_converter:2.1 - auto_pc
Adding component instance block -- xilinx.com:ip:axi_vdma:6.3 - axi_vdma_0
Adding component instance block -- xilinx.com:ip:axi_vdma:6.3 - axi_vdma_1
Adding component instance block -- xilinx.com:ip:axis_subset_converter:1.1 - axis_subset_converter_0
Adding component instance block -- xilinx.com:ip:proc_sys_reset:5.0 - proc_sys_reset_150M
Adding component instance block -- xilinx.com:ip:axi_interconnect:2.1 - ps7_0_axi_periph100GP
Adding component instance block -- xilinx.com:ip:axi_crossbar:2.1 - xbar
Adding component instance block -- xilinx.com:ip:axi_protocol_converter:2.1 - auto_pc
Adding component instance block -- xilinx.com:ip:proc_sys_reset:5.0 - rst_ps7_0_100M
Adding component instance block -- xilinx.com:ip:util_reduced_logic:2.0 - util_reduced_logic_0
Adding component instance block -- xilinx.com:ip:v_axi4s_vid_out:4.0 - v_axi4s_vid_out_0
Adding component instance block -- xilinx.com:ip:v_tc:6.1 - v_tc_0
Adding component instance block -- xilinx.com:ip:xlconcat:2.1 - xlconcat_0
Adding component instance block -- xilinx.com:ip:xlconstant:1.1 - xlconstant_0
Successfully read diagram <design_1> from BD file <F:/work/zynq_work2020/OV5640/OV5640/vdma_hdmi_out.srcs/sources_1/bd/design_1/design_1.bd>
open_bd_design: Time (s): cpu = 00:00:09 ; elapsed = 00:00:10 . Memory (MB): peak = 1407.297 ; gain = 0.000
launch_sdk -workspace F:/work/zynq_work2020/OV5640/OV5640/vdma_hdmi_out.sdk -hwspec F:/work/zynq_work2020/OV5640/OV5640/vdma_hdmi_out.sdk/design_1_wrapper.hdf
INFO: [Vivado 12-393] Launching SDK...
INFO: [Vivado 12-417] Running xsdk -workspace F:/work/zynq_work2020/OV5640/OV5640/vdma_hdmi_out.sdk -hwspec F:/work/zynq_work2020/OV5640/OV5640/vdma_hdmi_out.sdk/design_1_wrapper.hdf
INFO: [Vivado 12-3157] SDK launch initiated. Please check console for any further messages.
launch_sdk -workspace F:/work/zynq_work2020/OV5640/OV5640/vdma_hdmi_out.sdk -hwspec F:/work/zynq_work2020/OV5640/OV5640/vdma_hdmi_out.sdk/design_1_wrapper.hdf
INFO: [Vivado 12-393] Launching SDK...
INFO: [Vivado 12-417] Running xsdk -workspace F:/work/zynq_work2020/OV5640/OV5640/vdma_hdmi_out.sdk -hwspec F:/work/zynq_work2020/OV5640/OV5640/vdma_hdmi_out.sdk/design_1_wrapper.hdf
INFO: [Vivado 12-3157] SDK launch initiated. Please check console for any further messages.
launch_sdk -workspace F:/work/zynq_work2020/OV5640/OV5640/vdma_hdmi_out.sdk -hwspec F:/work/zynq_work2020/OV5640/OV5640/vdma_hdmi_out.sdk/design_1_wrapper.hdf
INFO: [Vivado 12-393] Launching SDK...
INFO: [Vivado 12-417] Running xsdk -workspace F:/work/zynq_work2020/OV5640/OV5640/vdma_hdmi_out.sdk -hwspec F:/work/zynq_work2020/OV5640/OV5640/vdma_hdmi_out.sdk/design_1_wrapper.hdf
INFO: [Vivado 12-3157] SDK launch initiated. Please check console for any further messages.
exit
INFO: [Common 17-206] Exiting Vivado at Sat Nov 21 20:44:52 2020...
